****************************************************************************
***                          Sentaurus Process                           ***
***                          Version V-2024.03                           ***
***                      (3.8727837, x86_64, Linux)                      ***
***                                                                      ***
***                       Copyright (C) 1993-2002                        ***
***          The board of regents of the University of Florida           ***
***                       Copyright (C) 1994-2024                        ***
***                            Synopsys, Inc.                            ***
***                                                                      ***
***  This software and the associated documentation are confidential     ***
***  and proprietary to Synopsys, Inc.  Your use or disclosure of this   ***
***  software is subject to the terms and conditions of a written        ***
***  license agreement between you, or your company, and Synopsys, Inc.  ***
****************************************************************************

Compiled Tue Feb 13 13:27:01 PST 2024 on sce-tcad-build01

      Started at: Tue Jun  2 15:45:04 2026 (IST)
       User name: utkarsh
       Host name: localhost.localdomain
             PID: 272453
    Architecture: x86_64
Operating system: Linux rel. 3.10.0-1160.114.2.el7.x86_64 ver. #1 SMP Wed Mar 20 15:54:52 UTC 2024

------------------------------------------------------------------------------
Checking syntax of SimpleRIESiliconTrench.cmd:

Syntax check complete.
------------------------------------------------------------------------------

Starting Tcl interpreter with inputfile: SimpleRIESiliconTrench.cmd
            sprocess: Checked out 1 license(s) at Tue Jun  2 15:45:07 2026

Loading models file: /home/synopsys/installed_file/sentaurus/V-2024.03//tcad/current/lib/sprocess/TclLib/SPROCESS.models... done.
------------------------------------------------------------------- math -----
math dimension= 3
------------------------------------------------------------------------------
------------------------------------------------------------------- line -----
line X location= 0.00e+00<um> spacing= 0.0500<um> tag= "Left"
------------------------------------------------------------------------------
------------------------------------------------------------------- line -----
line X location= 1.00<um> spacing= 0.0500<um> tag= "Right"
------------------------------------------------------------------------------
------------------------------------------------------------------- line -----
line Y location= 0.00e+00<um> spacing= 0.0500<um> tag= "Top"
------------------------------------------------------------------------------
------------------------------------------------------------------- line -----
line Y location= 2.00<um> spacing= 0.0500<um> tag= "Bottom"
------------------------------------------------------------------------------
------------------------------------------------------------------- line -----
line Z location= 0.00e+00<um> spacing= 0.0500<um> tag= "Front"
------------------------------------------------------------------------------
------------------------------------------------------------------- line -----
line Z location= 1.00<um> spacing= 0.0500<um> tag= "Back"
------------------------------------------------------------------------------
----------------------------------------------------------------- region -----
region xlo= "Left" xhi= "Right" ylo= "Top" yhi= "Bottom" zlo= "Front" zhi= "Back" Silicon
------------------------------------------------------------------------------
------------------------------------------------------------------- init -----
init
------------------------------------------------------------------------------
          sprocess2d: Checked out 1 license(s) at Tue Jun  2 15:45:09 2026

          sprocess3d: Checked out 1 license(s) at Tue Jun  2 15:45:09 2026

Creating structure...
Recreating refinements to take into account updated simulation dimension.
Done recreating refinements.


Points: 21
Nodes: 21
Edges: 20
Faces: 0
Volumes: 0

------------------------------------------------------------------- mask -----
mask name= "trench" left= 0.400<um> right= 0.600<um> front= 0.400<um> back= 0.600<um>
------------------------------------------------------------------------------
------------------------------------------------------------------ photo -----
photo mask= "trench" thickness= 0.500<um>
------------------------------------------------------------------------------
Increasing dimension 1 -> 3
Creating structure... 
Points: 902
Nodes: 984
Edges: 2661
Faces: 1680
Volumes: 0

Copying data...done

Creating structure... 
Points: 18942
Nodes: 20664
Edges: 128781
Faces: 208920
Volumes: 100800

Copying data...done

Initializing boundary from bulk mesh...decimating...done.
Recreating refinements to take into account updated simulation dimension.
Done recreating refinements.

MGoals time: 0.0222409
------------------------------------------------------------------- etch -----
etch time= 5.00<min> rate= {0.200<um/min>} type= "anisotropic" material= {Silicon}
------------------------------------------------------------------------------
MGoals time: 0.0110869

Updating sprocess mesh before Etch/Depo relax.
Generating SnMesh mesh... 
Smallest region: Gas_1  Total volume: 0.26
SnMesh time: 6.94535
Initializing sprocess...time: 0.915857
Interpolating...elapsed time: 0.22
sprocess ILS thread count = 1
sprocess parallel assembly thread count = 1
Mechanics:         0s   to         1s   step    :         1s   temp: 26.9C->26.9C

------------------------------------------------------------------ strip -----
strip Photoresist
------------------------------------------------------------------------------
MGoals time: 5.9290e-03
----------------------------------------------------------------- struct -----
struct tdr= "scenario1_rie"
------------------------------------------------------------------------------

Updating sprocess mesh before saving structure.
Generating SnMesh mesh... 
Smallest region: Gas_1  Total volume: 1.24
SnMesh time: 6.31029
Initializing sprocess...time: 1.01598
Interpolating...elapsed time: 0.74
Points: 22381
Nodes: 24725
Edges: 153716
Faces: 248968
Volumes: 119976

Saving Delaunay-Voronoi weights.
Writing file scenario1_rie_fps.tdr...done

------------------------------------------------------------------------------
License features used:
    sprocess
    sprocess2d
    sprocess3d
------------------------------------------------------------------------------

Elapsed Time:	00:00:29
User Time:	00:00:30
CPU Time:	00:00:28

Detailed CPU time report:

13.25 sec (49.3%) SnMesh meshing (2 calls).
2.15 sec (8.0%) Solver(Mechanics) (1 calls).
2.00 sec (7.4%) etch command (1 calls).
1.82 sec (6.8%) Transfer from mesher 3D (2 calls).
1.54 sec (5.7%) struct command (1 calls).
1.23 sec (4.6%) newDim (1 calls).
0.95 sec (3.5%) Other Program Parts (1 calls).
0.95 sec (3.5%) Bulk Interpolation (2 calls).
0.67 sec (2.5%) FieldServer copy (2 calls).
0.62 sec (2.3%) Mechanics assembly (serial mode) (1 calls).
0.60 sec (2.2%) implant command (333 calls).
0.21 sec (0.8%) mater command (107 calls).
0.15 sec (0.6%) reaction command (68 calls).
0.15 sec (0.6%) mgoals (3 calls).

Detailed elapsed time report:

13.11 sec (49.5%) SnMesh meshing (2 calls).
2.15 sec (8.1%) Solver(Mechanics) (1 calls).
2.00 sec (7.6%) etch command (1 calls).
1.82 sec (6.9%) Transfer from mesher 3D (2 calls).
1.43 sec (5.4%) struct command (1 calls).
1.23 sec (4.7%) newDim (1 calls).
0.95 sec (3.6%) Bulk Interpolation (2 calls).
0.92 sec (3.5%) Other Program Parts (1 calls).
0.67 sec (2.5%) FieldServer copy (2 calls).
0.62 sec (2.3%) Mechanics assembly (serial mode) (1 calls).
0.60 sec (2.3%) implant command (333 calls).
0.22 sec (0.8%) mater command (107 calls).
0.16 sec (0.6%) reaction command (68 calls).
