****************************************************************************
***                          Sentaurus Process                           ***
***                          Version V-2024.03                           ***
***                      (3.8727837, x86_64, Linux)                      ***
***                                                                      ***
***                       Copyright (C) 1993-2002                        ***
***          The board of regents of the University of Florida           ***
***                       Copyright (C) 1994-2024                        ***
***                            Synopsys, Inc.                            ***
***                                                                      ***
***  This software and the associated documentation are confidential     ***
***  and proprietary to Synopsys, Inc.  Your use or disclosure of this   ***
***  software is subject to the terms and conditions of a written        ***
***  license agreement between you, or your company, and Synopsys, Inc.  ***
****************************************************************************

Compiled Tue Feb 13 13:27:01 PST 2024 on sce-tcad-build01

      Started at: Tue Jun  2 15:24:06 2026 (IST)
       User name: utkarsh
       Host name: localhost.localdomain
             PID: 267964
    Architecture: x86_64
Operating system: Linux rel. 3.10.0-1160.114.2.el7.x86_64 ver. #1 SMP Wed Mar 20 15:54:52 UTC 2024

------------------------------------------------------------------------------
Checking syntax of OxideMaskedHighAspectRatioEtch.cmd:

Syntax check complete.
------------------------------------------------------------------------------

Starting Tcl interpreter with inputfile: OxideMaskedHighAspectRatioEtch.cmd
            sprocess: Checked out 1 license(s) at Tue Jun  2 15:24:10 2026

Loading models file: /home/synopsys/installed_file/sentaurus/V-2024.03//tcad/current/lib/sprocess/TclLib/SPROCESS.models... done.
------------------------------------------------------------------- math -----
math dimension= 3
------------------------------------------------------------------------------
------------------------------------------------------------------- line -----
line X location= 0.00e+00<um> spacing= 0.0300<um> tag= "Left"
------------------------------------------------------------------------------
------------------------------------------------------------------- line -----
line X location= 1.00<um> spacing= 0.0300<um> tag= "Right"
------------------------------------------------------------------------------
------------------------------------------------------------------- line -----
line Y location= 0.00e+00<um> spacing= 0.0300<um> tag= "Top"
------------------------------------------------------------------------------
------------------------------------------------------------------- line -----
line Y location= 3.00<um> spacing= 0.0300<um> tag= "Bottom"
------------------------------------------------------------------------------
------------------------------------------------------------------- line -----
line Z location= 0.00e+00<um> spacing= 0.0300<um> tag= "Front"
------------------------------------------------------------------------------
------------------------------------------------------------------- line -----
line Z location= 1.00<um> spacing= 0.0300<um> tag= "Back"
------------------------------------------------------------------------------
----------------------------------------------------------------- region -----
region xlo= "Left" xhi= "Right" ylo= "Top" yhi= "Bottom" zlo= "Front" zhi= "Back" Silicon
------------------------------------------------------------------------------
------------------------------------------------------------------- init -----
init
------------------------------------------------------------------------------
          sprocess2d: Checked out 1 license(s) at Tue Jun  2 15:24:12 2026

          sprocess3d: Checked out 1 license(s) at Tue Jun  2 15:24:12 2026

Creating structure...
Recreating refinements to take into account updated simulation dimension.
Done recreating refinements.


Points: 34
Nodes: 34
Edges: 33
Faces: 0
Volumes: 0

---------------------------------------------------------------- deposit -----
deposit type= "isotropic" thickness= 0.200<um> material= {Oxide}
------------------------------------------------------------------------------
MGoals time: 0.043345

Updating sprocess mesh before Etch/Depo relax.
Generating SnMesh mesh... 
SnMesh time: 2.9460e-03

========================  tri-grid quality (Gas excluded)  =======================
    0  10  20  30  40  50  60  70  80  90 100 110 120 130 140 150 160 170 180
 %   24   3   1                   1   3  52                                
---------------------------------------------------------------------------------
minAngle: 0.198614  maxAngle: 90
nVerts = 138  nTris = 136  nMats = 5
max connectivity (tris per node): 3 [near (-0.262518 0)]
bmin: 1 0
bmax: -0.30002 0.000130002
min edgeLength: 0.000130002  [near (-0.199232 6.5001e-05)]
min volume: 3.0777e-08  max volume: 2.4377e-06  Total volume: 0.000156002
bbox  volume: 0.000169005
Are all boundaries on bbox? true
=================================================================================

Smallest region: Oxide_1  Total volume: 2.60001e-05
Initializing sprocess...time: 7.7630e-03
Interpolating...elapsed time: 0.0000e+00
sprocess Pardiso thread count = 1
sprocess parallel assembly thread count = 1
Mechanics:         0s   to         1s   step    :         1s   temp: 26.9C->26.9C
------------------------------------------------------------------- mask -----
mask name= "trench" left= 0.350<um> right= 0.650<um> front= 0.350<um> back= 0.650<um>
------------------------------------------------------------------------------
------------------------------------------------------------------ photo -----
photo mask= "trench" thickness= 0.600<um>
------------------------------------------------------------------------------
Increasing dimension 1 -> 3
Creating structure... 
Points: 6969
Nodes: 7373
Edges: 20968
Faces: 13600
Volumes: 0

Copying data...done

Creating structure... 
Points: 236946
Nodes: 250682
Edges: 1648165
Faces: 2743888
Volumes: 1346400

Copying data...done

Initializing boundary from bulk mesh...decimating...done.
Recreating refinements to take into account updated simulation dimension.
Done recreating refinements.

MGoals time: 0.044925
------------------------------------------------------------------- etch -----
etch type= "anisotropic" thickness= 0.250<um> material= {Oxide}
------------------------------------------------------------------------------
MGoals time: 0.011122

Updating sprocess mesh before Etch/Depo relax.
Generating SnMesh mesh... 
Smallest region: Gas_1  Total volume: 0.372066
SnMesh time: 38.153
Initializing sprocess...time: 7.32905
Interpolating...elapsed time: 18.3
sprocess ILS thread count = 1
